
[92m
 â–ˆâ–ˆâ–ˆâ–ˆâ–ˆâ–ˆâ•— â–ˆâ–ˆâ•—    â–ˆâ–ˆâ•— â–ˆâ–ˆâ–ˆâ–ˆâ–ˆâ•— â–ˆâ–ˆâ–ˆâ–ˆâ–ˆâ–ˆâ–ˆâ•— â–ˆâ–ˆâ–ˆâ–ˆâ–ˆâ•— â–ˆâ–ˆâ–ˆâ–ˆâ–ˆâ–ˆâ•—    â–ˆâ–ˆâ•— â–ˆâ–ˆâ–ˆâ–ˆâ–ˆâ–ˆâ•— 
â–ˆâ–ˆâ•”â•â•â•â–ˆâ–ˆâ•—â–ˆâ–ˆâ•‘    â–ˆâ–ˆâ•‘â–ˆâ–ˆâ•”â•â•â–ˆâ–ˆâ•—â–ˆâ–ˆâ•”â•â•â•â•â•â–ˆâ–ˆâ•”â•â•â–ˆâ–ˆâ•—â–ˆâ–ˆâ•”â•â•â–ˆâ–ˆâ•—   â–ˆâ–ˆâ•‘â–ˆâ–ˆâ•”â•â•â•â–ˆâ–ˆâ•—
â–ˆâ–ˆâ•‘   â–ˆâ–ˆâ•‘â–ˆâ–ˆâ•‘ â–ˆâ•— â–ˆâ–ˆâ•‘â–ˆâ–ˆâ–ˆâ–ˆâ–ˆâ–ˆâ–ˆâ•‘â–ˆâ–ˆâ–ˆâ–ˆâ–ˆâ–ˆâ–ˆâ•—â–ˆâ–ˆâ–ˆâ–ˆâ–ˆâ–ˆâ–ˆâ•‘â–ˆâ–ˆâ–ˆâ–ˆâ–ˆâ–ˆâ•”â•   â–ˆâ–ˆâ•‘â–ˆâ–ˆâ•‘   â–ˆâ–ˆâ•‘
â–ˆâ–ˆâ•‘â–„â–„ â–ˆâ–ˆâ•‘â–ˆâ–ˆâ•‘â–ˆâ–ˆâ–ˆâ•—â–ˆâ–ˆâ•‘â–ˆâ–ˆâ•”â•â•â–ˆâ–ˆâ•‘â•šâ•â•â•â•â–ˆâ–ˆâ•‘â–ˆâ–ˆâ•”â•â•â–ˆâ–ˆâ•‘â–ˆâ–ˆâ•”â•â•â–ˆâ–ˆâ•—   â–ˆâ–ˆâ•‘â–ˆâ–ˆâ•‘   â–ˆâ–ˆâ•‘
â•šâ–ˆâ–ˆâ–ˆâ–ˆâ–ˆâ–ˆâ•”â•â•šâ–ˆâ–ˆâ–ˆâ•”â–ˆâ–ˆâ–ˆâ•”â•â–ˆâ–ˆâ•‘  â–ˆâ–ˆâ•‘â–ˆâ–ˆâ–ˆâ–ˆâ–ˆâ–ˆâ–ˆâ•‘â–ˆâ–ˆâ•‘  â–ˆâ–ˆâ•‘â–ˆâ–ˆâ•‘  â–ˆâ–ˆâ•‘â–ˆâ–ˆâ•—â–ˆâ–ˆâ•‘â•šâ–ˆâ–ˆâ–ˆâ–ˆâ–ˆâ–ˆâ•”â•
 â•šâ•â•â–€â–€â•â•  â•šâ•â•â•â•šâ•â•â• â•šâ•â•  â•šâ•â•â•šâ•â•â•â•â•â•â•â•šâ•â•  â•šâ•â•â•šâ•â•  â•šâ•â•â•šâ•â•â•šâ•â• â•šâ•â•â•â•â•â• 
																																 [0m
Booting Gandalf v4.0.3-df2e622 (production)
Loading parameters:  [32mOK[0m
User silverst_r connection: [32mOK[0m


<MY-LIBASM>
Directory . exists: [32mOK[0m
RSPEC Detected
Pushing exercise: [32mOK[0m
Printing your report:

 [97;1;40m     REPORT      [0m  [97m     MY-LIBASM     [0m 

 Status             [91mFAILURE COMPILATION[0m 
 Execution Runtime  0.000000            
 Score              [] 0/0              

Your Stderr:
/usr/bin/ld: /tmp/ccExsyTd.o: in function `output_my_strlen_test_00_impl':
test_my_libasm.c:(.text+0xd9): undefined reference to `my_strlen'
/usr/bin/ld: /tmp/ccExsyTd.o: in function `output_my_strlen_test_01_impl':
test_my_libasm.c:(.text+0x31a): undefined reference to `my_strlen'
/usr/bin/ld: /tmp/ccExsyTd.o: in function `output_my_strlen_test_02_impl':
test_my_libasm.c:(.text+0x55b): undefined reference to `my_strlen'
collect2: error: ld returned 1 exit status
make: *** [Makefile:20: executor] Error 1

</MY-LIBASM>
